tp1q3
20190
15601233
2017-10-23 15:44:17
[0] -111809452
[0] -111809452        -21    -841312    -522024
[0] -111809452        -21    -841312    -522024        -20        853        -47
[7]   -6491993       -181       8146
 [0] -111809452        -21    -841312    -522024        -20        853
 [6]        -47   -6491993       -181       8146         -2       -462
[12]        -10         -2 -128757157        111  -60578551       -115
[18]  357626549         -1
 [0]  -111809452         -21     -841312     -522024         -20         853
 [6]         -47    -6491993        -181        8146          -2        -462
[12]         -10          -2  -128757157         111   -60578551        -115
[18]   357626549          -1        2001      782045    46334740          15
[24]          81        -539  -596383004     -204861          13      -27761
[30]         193   379018141 -1318386213         511     4129812           6
[36]          -7        1693         234          -4           0  1869254938
[42]        7394           2      -18941    -2654368       -1302       98829
[48]       -7466      -60452   961211376          26  1690708613      812523
[54]          24        -178     -166776         -76         112           0
[60]    -4426054  -400754461       50655       21995       -7237        -195
[66]     4193493       54765           6    13758227       -1390   522855202
[72]      183566        -110    21533822          -6        6178        6284
[78]          29         -93        -273 -1054291680 -1033692956   -55801609
[84]         -27   -46705232        -190   968047381    -1028090       -2546
[90]          83      -62017        -289      -19367         -88     -302503
[96]          77      -39544      106331       12238
  [0]  -111809452         -21     -841312     -522024         -20         853
  [6]         -47    -6491993        -181        8146          -2        -462
 [12]         -10          -2  -128757157         111   -60578551        -115
 [18]   357626549          -1        2001      782045    46334740          15
 [24]          81        -539  -596383004     -204861          13      -27761
 [30]         193   379018141 -1318386213         511     4129812           6
 [36]          -7        1693         234          -4           0  1869254938
 [42]        7394           2      -18941    -2654368       -1302       98829
 [48]       -7466      -60452   961211376          26  1690708613      812523
 [54]          24        -178     -166776         -76         112           0
 [60]    -4426054  -400754461       50655       21995       -7237        -195
 [66]     4193493       54765           6    13758227       -1390   522855202
 [72]      183566        -110    21533822          -6        6178        6284
 [78]          29         -93        -273 -1054291680 -1033692956   -55801609
 [84]         -27   -46705232        -190   968047381    -1028090       -2546
 [90]          83      -62017        -289      -19367         -88     -302503
 [96]          77      -39544      106331       12238        1092
 [0] 0 8 6 5 4 7 4 6 1 8 9 1 6 6 0 4 1 3 5 6 5 3 9 7 2 1 0 5 6 8 7 8 7 1 6 0 4 7
[38] 9 5
 [0] -1  3  7 -7  3 -1 -4 -3 -1  0  3  4 -8  4 -1  9 -4  5 -6 -1  8 -7 -9 -5 -3
[25]  1  5  5  8 -7 -7 -6  0 -1  7 -7  1  6
 [0] -55 -86 -18  13  49 -15  79  57   6  41  71   0  21  85  71  45  66  85 -38
[19]  57  -8   5 -25  32  38  85  36 -93 -12  52 -28 -97  77 -78 -55 -76
 [0] -153  447  405 -457   96  497  522 -624  723 -413 -527 -327 -591 -322 -951
[15]    6  476 -702  248  137  643 -597 -191  762 -420 -768 -484 -448 -235 -366
[30]  607  931  344  244
 [0] -3948  8487  8117  5286 -8835 -9217 -3631 -3875 -5381 -7698 -9452  5629
[12]  9483 -8317 -8542 -3705  1672 -2360 -2260  3111 -1739   610  6115  7740
[24]  8132 -2330  8259  2377  8513 -5551   431  4540
 [0]  42665   5149  73867  29798 -20037  47468 -57201  70615 -33109 -78243
[10] -37146 -66655   -209 -59643  96962  70327  31160  27081  44202 -47405
[20]  58294 -64470 -51912  41170 -96324  35578 -89564 -91919 -77128  25346
 [0]  134559  487467  962802  435601  -55150  781882 -150232  -20987  196725
 [9]  257980 -232685 -435058  219946 -213284  225192  345220   16002  199708
[18] -560391  985778 -746520 -595563 -975414 -247943 -922415  444513 -568513
[27] -450577
 [0] -3801548 -2233257 -1536323  2915195 -3484635  4026894  3379827  8445352
 [8] -2981654  3369952 -7194076 -5917790  6348214  6450133  2132798 -1139131
[16] -7139721  1784010  5118706 -5698565  6011189 -2839921 -4319351 -1728250
[24]  1659233  8622743
 [0]   9726161  39213290  89635287  14067417  36624613   4177944  75811049
 [7]  62093068 -85542113  48237632  92283390  36076912 -85231008 -29600108
[14]    487986  -5145618 -80865624 -72683939 -63298389 -19770375   7228176
[21] -90782446 -73815571  75067512
 [0] -206256901  181128213   91489977 -443725034 -370667409 -156817926
 [6]  858198613  -66617274  589709912  220696956 -179594408 -761083683
[12]  859407799  461682350  878799129  968355722  122796274 -229644713
[18]  807891004  524864034   56457770  395880874
 [0] -1109873343   545892249   295613169  -606357563  -759582638  -394552726
 [6]  1030835880   244106892   927441052  1401177952   313263464   512874646
[12]  -920049482 -1271750616   839550471 -1304613688  -121229267  -520015490
[18]   574285854   417878721
