tp1q1
20190
15597707
2017-10-23 14:45:31
int_width(-57161047) = 9
int_width(-291117479) = 10
int_width(-137759977) = 10
int_width(1319607550) = 10
int_width(-788237118) = 10
int_width(1519770941) = 10
int_width(-11197492) = 9
int_width(491202066) = 9
int_width(-1171545672) = 11
int_width(1947369652) = 10
int_width(-2147483648) = 11
int_width(-100000) = 7
int_width(-99999) = 6
int_width(-10000) = 6
int_width(-9999) = 5
int_width(-1000) = 5
int_width(-999) = 4
int_width(-100) = 4
int_width(-99) = 3
int_width(-10) = 3
int_width(-9) = 2
int_width(-1) = 2
int_width(0) = 1
int_width(1) = 1
int_width(9) = 1
int_width(10) = 2
int_width(99) = 2
int_width(100) = 3
int_width(999) = 3
int_width(1000) = 4
int_width(9999) = 4
int_width(10000) = 5
int_width(99999) = 5
int_width(100000) = 6
int_width(999999999) = 9
int_width(1000000000) = 10
int_width(2147483647) = 10
